<?xml version="1.0" encoding="utf-8"?><testsuite errors="0" failures="0" name="pytest" skips="0" tests="14" time="237.585"><testcase classname="Test_Case.test_00_login.TestLogin" file="Test_Case\test_00_login.py" line="21" name="test_login_error_form[data0]" time="5.115490913391113"><system-err> Thu, 21 Feb 2019 22:00:30  INFO conftest.py init_driver [ line:17 ] 初始化chrome浏览器
 Thu, 21 Feb 2019 22:00:33  INFO conftest.py init_loginPage [ line:28 ] 执行测试用例,进入前程贷登录页面
 Thu, 21 Feb 2019 22:00:35  INFO test_00_login.py test_login_error_form [ line:26 ] 表单错误_登录测试_{&apos;username&apos;: &apos;&apos;, &apos;check&apos;: &apos;请输入手机号&apos;, &apos;pwd&apos;: &apos;python&apos;}
 Thu, 21 Feb 2019 22:00:35  INFO base_page.py wait_eleVisible [ line:40 ] 等待元素:(登录页_login)
 Thu, 21 Feb 2019 22:00:35  INFO base_page.py wait_eleVisible [ line:45 ] 等待元素成功:登录页_login，用时:0.03200197219848633
 Thu, 21 Feb 2019 22:00:35  INFO base_page.py find_element [ line:53 ] 查找元素:(登录页_login)
 Thu, 21 Feb 2019 22:00:35  INFO base_page.py clear_input_text [ line:73 ] 清空输入框文本:(登录页_login)
 Thu, 21 Feb 2019 22:00:35  INFO base_page.py clear_input_text [ line:76 ] 清空输入框成功:(登录页_login)
 Thu, 21 Feb 2019 22:00:35  INFO base_page.py find_element [ line:53 ] 查找元素:(登录页_login)
 Thu, 21 Feb 2019 22:00:35  INFO base_page.py send_keys [ line:84 ] 登录页_login_输入文本:
 Thu, 21 Feb 2019 22:00:35  INFO base_page.py send_keys [ line:87 ] 登录页_login_输入文本成功:
 Thu, 21 Feb 2019 22:00:35  INFO base_page.py wait_eleVisible [ line:40 ] 等待元素:(登录页_login)
 Thu, 21 Feb 2019 22:00:35  INFO base_page.py wait_eleVisible [ line:45 ] 等待元素成功:登录页_login，用时:0.027001142501831055
 Thu, 21 Feb 2019 22:00:35  INFO base_page.py find_element [ line:53 ] 查找元素:(登录页_login)
 Thu, 21 Feb 2019 22:00:35  INFO base_page.py clear_input_text [ line:73 ] 清空输入框文本:(登录页_login)
 Thu, 21 Feb 2019 22:00:35  INFO base_page.py clear_input_text [ line:76 ] 清空输入框成功:(登录页_login)
 Thu, 21 Feb 2019 22:00:35  INFO base_page.py find_element [ line:53 ] 查找元素:(登录页_login)
 Thu, 21 Feb 2019 22:00:35  INFO base_page.py send_keys [ line:84 ] 登录页_login_输入文本:python
 Thu, 21 Feb 2019 22:00:35  INFO base_page.py send_keys [ line:87 ] 登录页_login_输入文本成功:python
 Thu, 21 Feb 2019 22:00:35  INFO base_page.py click_element [ line:62 ] 点击元素:(登录页_login)
 Thu, 21 Feb 2019 22:00:35  INFO base_page.py click_element [ line:65 ] 点击元素成功:(登录页_login)
 Thu, 21 Feb 2019 22:00:35  INFO base_page.py wait_eleVisible [ line:40 ] 等待元素:(登录页_error_from_text)
 Thu, 21 Feb 2019 22:00:35  INFO base_page.py wait_eleVisible [ line:45 ] 等待元素成功:登录页_error_from_text，用时:0.02700209617614746
 Thu, 21 Feb 2019 22:00:35  INFO base_page.py find_element [ line:53 ] 查找元素:(登录页_error_from_text)
 Thu, 21 Feb 2019 22:00:35  INFO base_page.py get_eleText [ line:95 ] 获取元素文本:(登录页_error_from_text)
 Thu, 21 Feb 2019 22:00:35  INFO test_00_login.py test_login_error_form [ line:31 ] 测试通过
 Thu, 21 Feb 2019 22:00:35  INFO test_00_login.py test_login_error_form [ line:40 ] excel中写回测试结果
 Thu, 21 Feb 2019 22:00:35  INFO conftest.py init_loginPage [ line:31 ] 用例执行完成
</system-err></testcase><testcase classname="Test_Case.test_00_login.TestLogin" file="Test_Case\test_00_login.py" line="21" name="test_login_error_form[data1]" time="0.5400307178497314"><system-err> Thu, 21 Feb 2019 22:00:35  INFO conftest.py init_loginPage [ line:28 ] 执行测试用例,进入前程贷登录页面
 Thu, 21 Feb 2019 22:00:35  INFO test_00_login.py test_login_error_form [ line:26 ] 表单错误_登录测试_{&apos;username&apos;: &apos;18684720553&apos;, &apos;check&apos;: &apos;请输入密码&apos;, &apos;pwd&apos;: &apos;&apos;}
 Thu, 21 Feb 2019 22:00:35  INFO base_page.py wait_eleVisible [ line:40 ] 等待元素:(登录页_login)
 Thu, 21 Feb 2019 22:00:35  INFO base_page.py wait_eleVisible [ line:45 ] 等待元素成功:登录页_login，用时:0.019001007080078125
 Thu, 21 Feb 2019 22:00:35  INFO base_page.py find_element [ line:53 ] 查找元素:(登录页_login)
 Thu, 21 Feb 2019 22:00:35  INFO base_page.py clear_input_text [ line:73 ] 清空输入框文本:(登录页_login)
 Thu, 21 Feb 2019 22:00:35  INFO base_page.py clear_input_text [ line:76 ] 清空输入框成功:(登录页_login)
 Thu, 21 Feb 2019 22:00:35  INFO base_page.py find_element [ line:53 ] 查找元素:(登录页_login)
 Thu, 21 Feb 2019 22:00:35  INFO base_page.py send_keys [ line:84 ] 登录页_login_输入文本:18684720553
 Thu, 21 Feb 2019 22:00:35  INFO base_page.py send_keys [ line:87 ] 登录页_login_输入文本成功:18684720553
 Thu, 21 Feb 2019 22:00:35  INFO base_page.py wait_eleVisible [ line:40 ] 等待元素:(登录页_login)
 Thu, 21 Feb 2019 22:00:35  INFO base_page.py wait_eleVisible [ line:45 ] 等待元素成功:登录页_login，用时:0.02000117301940918
 Thu, 21 Feb 2019 22:00:35  INFO base_page.py find_element [ line:53 ] 查找元素:(登录页_login)
 Thu, 21 Feb 2019 22:00:35  INFO base_page.py clear_input_text [ line:73 ] 清空输入框文本:(登录页_login)
 Thu, 21 Feb 2019 22:00:35  INFO base_page.py clear_input_text [ line:76 ] 清空输入框成功:(登录页_login)
 Thu, 21 Feb 2019 22:00:35  INFO base_page.py find_element [ line:53 ] 查找元素:(登录页_login)
 Thu, 21 Feb 2019 22:00:35  INFO base_page.py send_keys [ line:84 ] 登录页_login_输入文本:
 Thu, 21 Feb 2019 22:00:35  INFO base_page.py send_keys [ line:87 ] 登录页_login_输入文本成功:
 Thu, 21 Feb 2019 22:00:35  INFO base_page.py click_element [ line:62 ] 点击元素:(登录页_login)
 Thu, 21 Feb 2019 22:00:36  INFO base_page.py click_element [ line:65 ] 点击元素成功:(登录页_login)
 Thu, 21 Feb 2019 22:00:36  INFO base_page.py wait_eleVisible [ line:40 ] 等待元素:(登录页_error_from_text)
 Thu, 21 Feb 2019 22:00:36  INFO base_page.py wait_eleVisible [ line:45 ] 等待元素成功:登录页_error_from_text，用时:0.022001028060913086
 Thu, 21 Feb 2019 22:00:36  INFO base_page.py find_element [ line:53 ] 查找元素:(登录页_error_from_text)
 Thu, 21 Feb 2019 22:00:36  INFO base_page.py get_eleText [ line:95 ] 获取元素文本:(登录页_error_from_text)
 Thu, 21 Feb 2019 22:00:36  INFO test_00_login.py test_login_error_form [ line:31 ] 测试通过
 Thu, 21 Feb 2019 22:00:36  INFO test_00_login.py test_login_error_form [ line:40 ] excel中写回测试结果
 Thu, 21 Feb 2019 22:00:36  INFO conftest.py init_loginPage [ line:31 ] 用例执行完成
</system-err></testcase><testcase classname="Test_Case.test_00_login.TestLogin" file="Test_Case\test_00_login.py" line="21" name="test_login_error_form[data2]" time="0.5270299911499023"><system-err> Thu, 21 Feb 2019 22:00:36  INFO conftest.py init_loginPage [ line:28 ] 执行测试用例,进入前程贷登录页面
 Thu, 21 Feb 2019 22:00:36  INFO test_00_login.py test_login_error_form [ line:26 ] 表单错误_登录测试_{&apos;username&apos;: &apos;&apos;, &apos;check&apos;: &apos;请输入手机号&apos;, &apos;pwd&apos;: &apos;&apos;}
 Thu, 21 Feb 2019 22:00:36  INFO base_page.py wait_eleVisible [ line:40 ] 等待元素:(登录页_login)
 Thu, 21 Feb 2019 22:00:36  INFO base_page.py wait_eleVisible [ line:45 ] 等待元素成功:登录页_login，用时:0.021001815795898438
 Thu, 21 Feb 2019 22:00:36  INFO base_page.py find_element [ line:53 ] 查找元素:(登录页_login)
 Thu, 21 Feb 2019 22:00:36  INFO base_page.py clear_input_text [ line:73 ] 清空输入框文本:(登录页_login)
 Thu, 21 Feb 2019 22:00:36  INFO base_page.py clear_input_text [ line:76 ] 清空输入框成功:(登录页_login)
 Thu, 21 Feb 2019 22:00:36  INFO base_page.py find_element [ line:53 ] 查找元素:(登录页_login)
 Thu, 21 Feb 2019 22:00:36  INFO base_page.py send_keys [ line:84 ] 登录页_login_输入文本:
 Thu, 21 Feb 2019 22:00:36  INFO base_page.py send_keys [ line:87 ] 登录页_login_输入文本成功:
 Thu, 21 Feb 2019 22:00:36  INFO base_page.py wait_eleVisible [ line:40 ] 等待元素:(登录页_login)
 Thu, 21 Feb 2019 22:00:36  INFO base_page.py wait_eleVisible [ line:45 ] 等待元素成功:登录页_login，用时:0.022001028060913086
 Thu, 21 Feb 2019 22:00:36  INFO base_page.py find_element [ line:53 ] 查找元素:(登录页_login)
 Thu, 21 Feb 2019 22:00:36  INFO base_page.py clear_input_text [ line:73 ] 清空输入框文本:(登录页_login)
 Thu, 21 Feb 2019 22:00:36  INFO base_page.py clear_input_text [ line:76 ] 清空输入框成功:(登录页_login)
 Thu, 21 Feb 2019 22:00:36  INFO base_page.py find_element [ line:53 ] 查找元素:(登录页_login)
 Thu, 21 Feb 2019 22:00:36  INFO base_page.py send_keys [ line:84 ] 登录页_login_输入文本:
 Thu, 21 Feb 2019 22:00:36  INFO base_page.py send_keys [ line:87 ] 登录页_login_输入文本成功:
 Thu, 21 Feb 2019 22:00:36  INFO base_page.py click_element [ line:62 ] 点击元素:(登录页_login)
 Thu, 21 Feb 2019 22:00:36  INFO base_page.py click_element [ line:65 ] 点击元素成功:(登录页_login)
 Thu, 21 Feb 2019 22:00:36  INFO base_page.py wait_eleVisible [ line:40 ] 等待元素:(登录页_error_from_text)
 Thu, 21 Feb 2019 22:00:36  INFO base_page.py wait_eleVisible [ line:45 ] 等待元素成功:登录页_error_from_text，用时:0.022001981735229492
 Thu, 21 Feb 2019 22:00:36  INFO base_page.py find_element [ line:53 ] 查找元素:(登录页_error_from_text)
 Thu, 21 Feb 2019 22:00:36  INFO base_page.py get_eleText [ line:95 ] 获取元素文本:(登录页_error_from_text)
 Thu, 21 Feb 2019 22:00:36  INFO test_00_login.py test_login_error_form [ line:31 ] 测试通过
 Thu, 21 Feb 2019 22:00:36  INFO test_00_login.py test_login_error_form [ line:40 ] excel中写回测试结果
 Thu, 21 Feb 2019 22:00:36  INFO conftest.py init_loginPage [ line:31 ] 用例执行完成
</system-err></testcase><testcase classname="Test_Case.test_00_login.TestLogin" file="Test_Case\test_00_login.py" line="21" name="test_login_error_form[data3]" time="0.5610330104827881"><system-err> Thu, 21 Feb 2019 22:00:36  INFO conftest.py init_loginPage [ line:28 ] 执行测试用例,进入前程贷登录页面
 Thu, 21 Feb 2019 22:00:36  INFO test_00_login.py test_login_error_form [ line:26 ] 表单错误_登录测试_{&apos;username&apos;: &apos;1868472055&apos;, &apos;check&apos;: &apos;请输入正确的手机号&apos;, &apos;pwd&apos;: &apos;python&apos;}
 Thu, 21 Feb 2019 22:00:36  INFO base_page.py wait_eleVisible [ line:40 ] 等待元素:(登录页_login)
 Thu, 21 Feb 2019 22:00:36  INFO base_page.py wait_eleVisible [ line:45 ] 等待元素成功:登录页_login，用时:0.021001100540161133
 Thu, 21 Feb 2019 22:00:36  INFO base_page.py find_element [ line:53 ] 查找元素:(登录页_login)
 Thu, 21 Feb 2019 22:00:36  INFO base_page.py clear_input_text [ line:73 ] 清空输入框文本:(登录页_login)
 Thu, 21 Feb 2019 22:00:36  INFO base_page.py clear_input_text [ line:76 ] 清空输入框成功:(登录页_login)
 Thu, 21 Feb 2019 22:00:36  INFO base_page.py find_element [ line:53 ] 查找元素:(登录页_login)
 Thu, 21 Feb 2019 22:00:36  INFO base_page.py send_keys [ line:84 ] 登录页_login_输入文本:1868472055
 Thu, 21 Feb 2019 22:00:36  INFO base_page.py send_keys [ line:87 ] 登录页_login_输入文本成功:1868472055
 Thu, 21 Feb 2019 22:00:36  INFO base_page.py wait_eleVisible [ line:40 ] 等待元素:(登录页_login)
 Thu, 21 Feb 2019 22:00:36  INFO base_page.py wait_eleVisible [ line:45 ] 等待元素成功:登录页_login，用时:0.019001007080078125
 Thu, 21 Feb 2019 22:00:36  INFO base_page.py find_element [ line:53 ] 查找元素:(登录页_login)
 Thu, 21 Feb 2019 22:00:36  INFO base_page.py clear_input_text [ line:73 ] 清空输入框文本:(登录页_login)
 Thu, 21 Feb 2019 22:00:36  INFO base_page.py clear_input_text [ line:76 ] 清空输入框成功:(登录页_login)
 Thu, 21 Feb 2019 22:00:36  INFO base_page.py find_element [ line:53 ] 查找元素:(登录页_login)
 Thu, 21 Feb 2019 22:00:36  INFO base_page.py send_keys [ line:84 ] 登录页_login_输入文本:python
 Thu, 21 Feb 2019 22:00:37  INFO base_page.py send_keys [ line:87 ] 登录页_login_输入文本成功:python
 Thu, 21 Feb 2019 22:00:37  INFO base_page.py click_element [ line:62 ] 点击元素:(登录页_login)
 Thu, 21 Feb 2019 22:00:37  INFO base_page.py click_element [ line:65 ] 点击元素成功:(登录页_login)
 Thu, 21 Feb 2019 22:00:37  INFO base_page.py wait_eleVisible [ line:40 ] 等待元素:(登录页_error_from_text)
 Thu, 21 Feb 2019 22:00:37  INFO base_page.py wait_eleVisible [ line:45 ] 等待元素成功:登录页_error_from_text，用时:0.021001100540161133
 Thu, 21 Feb 2019 22:00:37  INFO base_page.py find_element [ line:53 ] 查找元素:(登录页_error_from_text)
 Thu, 21 Feb 2019 22:00:37  INFO base_page.py get_eleText [ line:95 ] 获取元素文本:(登录页_error_from_text)
 Thu, 21 Feb 2019 22:00:37  INFO test_00_login.py test_login_error_form [ line:31 ] 测试通过
 Thu, 21 Feb 2019 22:00:37  INFO test_00_login.py test_login_error_form [ line:40 ] excel中写回测试结果
 Thu, 21 Feb 2019 22:00:37  INFO conftest.py init_loginPage [ line:31 ] 用例执行完成
</system-err></testcase><testcase classname="Test_Case.test_00_login.TestLogin" file="Test_Case\test_00_login.py" line="21" name="test_login_error_form[data4]" time="0.5660319328308105"><system-err> Thu, 21 Feb 2019 22:00:37  INFO conftest.py init_loginPage [ line:28 ] 执行测试用例,进入前程贷登录页面
 Thu, 21 Feb 2019 22:00:37  INFO test_00_login.py test_login_error_form [ line:26 ] 表单错误_登录测试_{&apos;username&apos;: &apos;186847205533&apos;, &apos;check&apos;: &apos;请输入正确的手机号&apos;, &apos;pwd&apos;: &apos;python&apos;}
 Thu, 21 Feb 2019 22:00:37  INFO base_page.py wait_eleVisible [ line:40 ] 等待元素:(登录页_login)
 Thu, 21 Feb 2019 22:00:37  INFO base_page.py wait_eleVisible [ line:45 ] 等待元素成功:登录页_login，用时:0.021001100540161133
 Thu, 21 Feb 2019 22:00:37  INFO base_page.py find_element [ line:53 ] 查找元素:(登录页_login)
 Thu, 21 Feb 2019 22:00:37  INFO base_page.py clear_input_text [ line:73 ] 清空输入框文本:(登录页_login)
 Thu, 21 Feb 2019 22:00:37  INFO base_page.py clear_input_text [ line:76 ] 清空输入框成功:(登录页_login)
 Thu, 21 Feb 2019 22:00:37  INFO base_page.py find_element [ line:53 ] 查找元素:(登录页_login)
 Thu, 21 Feb 2019 22:00:37  INFO base_page.py send_keys [ line:84 ] 登录页_login_输入文本:186847205533
 Thu, 21 Feb 2019 22:00:37  INFO base_page.py send_keys [ line:87 ] 登录页_login_输入文本成功:186847205533
 Thu, 21 Feb 2019 22:00:37  INFO base_page.py wait_eleVisible [ line:40 ] 等待元素:(登录页_login)
 Thu, 21 Feb 2019 22:00:37  INFO base_page.py wait_eleVisible [ line:45 ] 等待元素成功:登录页_login，用时:0.019001007080078125
 Thu, 21 Feb 2019 22:00:37  INFO base_page.py find_element [ line:53 ] 查找元素:(登录页_login)
 Thu, 21 Feb 2019 22:00:37  INFO base_page.py clear_input_text [ line:73 ] 清空输入框文本:(登录页_login)
 Thu, 21 Feb 2019 22:00:37  INFO base_page.py clear_input_text [ line:76 ] 清空输入框成功:(登录页_login)
 Thu, 21 Feb 2019 22:00:37  INFO base_page.py find_element [ line:53 ] 查找元素:(登录页_login)
 Thu, 21 Feb 2019 22:00:37  INFO base_page.py send_keys [ line:84 ] 登录页_login_输入文本:python
 Thu, 21 Feb 2019 22:00:37  INFO base_page.py send_keys [ line:87 ] 登录页_login_输入文本成功:python
 Thu, 21 Feb 2019 22:00:37  INFO base_page.py click_element [ line:62 ] 点击元素:(登录页_login)
 Thu, 21 Feb 2019 22:00:37  INFO base_page.py click_element [ line:65 ] 点击元素成功:(登录页_login)
 Thu, 21 Feb 2019 22:00:37  INFO base_page.py wait_eleVisible [ line:40 ] 等待元素:(登录页_error_from_text)
 Thu, 21 Feb 2019 22:00:37  INFO base_page.py wait_eleVisible [ line:45 ] 等待元素成功:登录页_error_from_text，用时:0.0240018367767334
 Thu, 21 Feb 2019 22:00:37  INFO base_page.py find_element [ line:53 ] 查找元素:(登录页_error_from_text)
 Thu, 21 Feb 2019 22:00:37  INFO base_page.py get_eleText [ line:95 ] 获取元素文本:(登录页_error_from_text)
 Thu, 21 Feb 2019 22:00:37  INFO test_00_login.py test_login_error_form [ line:31 ] 测试通过
 Thu, 21 Feb 2019 22:00:37  INFO test_00_login.py test_login_error_form [ line:40 ] excel中写回测试结果
 Thu, 21 Feb 2019 22:00:37  INFO conftest.py init_loginPage [ line:31 ] 用例执行完成
</system-err></testcase><testcase classname="Test_Case.test_00_login.TestLogin" file="Test_Case\test_00_login.py" line="41" name="test_login_error_pageCenter[data0]" time="1.1250648498535156"><system-err> Thu, 21 Feb 2019 22:00:37  INFO conftest.py init_loginPage [ line:28 ] 执行测试用例,进入前程贷登录页面
 Thu, 21 Feb 2019 22:00:37  INFO test_00_login.py test_login_error_pageCenter [ line:46 ] totast弹窗错误_登录测试_{&apos;username&apos;: &apos;15731116810&apos;, &apos;check&apos;: &apos;此账号没有经过授权，请联系管理员!&apos;, &apos;pwd&apos;: &apos;python&apos;}
 Thu, 21 Feb 2019 22:00:37  INFO base_page.py wait_eleVisible [ line:40 ] 等待元素:(登录页_login)
 Thu, 21 Feb 2019 22:00:37  INFO base_page.py wait_eleVisible [ line:45 ] 等待元素成功:登录页_login，用时:0.022000789642333984
 Thu, 21 Feb 2019 22:00:37  INFO base_page.py find_element [ line:53 ] 查找元素:(登录页_login)
 Thu, 21 Feb 2019 22:00:37  INFO base_page.py clear_input_text [ line:73 ] 清空输入框文本:(登录页_login)
 Thu, 21 Feb 2019 22:00:38  INFO base_page.py clear_input_text [ line:76 ] 清空输入框成功:(登录页_login)
 Thu, 21 Feb 2019 22:00:38  INFO base_page.py find_element [ line:53 ] 查找元素:(登录页_login)
 Thu, 21 Feb 2019 22:00:38  INFO base_page.py send_keys [ line:84 ] 登录页_login_输入文本:15731116810
 Thu, 21 Feb 2019 22:00:38  INFO base_page.py send_keys [ line:87 ] 登录页_login_输入文本成功:15731116810
 Thu, 21 Feb 2019 22:00:38  INFO base_page.py wait_eleVisible [ line:40 ] 等待元素:(登录页_login)
 Thu, 21 Feb 2019 22:00:38  INFO base_page.py wait_eleVisible [ line:45 ] 等待元素成功:登录页_login，用时:0.021001100540161133
 Thu, 21 Feb 2019 22:00:38  INFO base_page.py find_element [ line:53 ] 查找元素:(登录页_login)
 Thu, 21 Feb 2019 22:00:38  INFO base_page.py clear_input_text [ line:73 ] 清空输入框文本:(登录页_login)
 Thu, 21 Feb 2019 22:00:38  INFO base_page.py clear_input_text [ line:76 ] 清空输入框成功:(登录页_login)
 Thu, 21 Feb 2019 22:00:38  INFO base_page.py find_element [ line:53 ] 查找元素:(登录页_login)
 Thu, 21 Feb 2019 22:00:38  INFO base_page.py send_keys [ line:84 ] 登录页_login_输入文本:python
 Thu, 21 Feb 2019 22:00:38  INFO base_page.py send_keys [ line:87 ] 登录页_login_输入文本成功:python
 Thu, 21 Feb 2019 22:00:38  INFO base_page.py click_element [ line:62 ] 点击元素:(登录页_login)
 Thu, 21 Feb 2019 22:00:38  INFO base_page.py click_element [ line:65 ] 点击元素成功:(登录页_login)
 Thu, 21 Feb 2019 22:00:38  INFO base_page.py wait_eleVisible [ line:40 ] 等待元素:(登录页_error_pageCenter_text)
 Thu, 21 Feb 2019 22:00:38  INFO base_page.py wait_eleVisible [ line:45 ] 等待元素成功:登录页_error_pageCenter_text，用时:0.5760328769683838
 Thu, 21 Feb 2019 22:00:38  INFO base_page.py find_element [ line:53 ] 查找元素:(登录页_error_pageCenter_text)
 Thu, 21 Feb 2019 22:00:38  INFO base_page.py get_eleText [ line:95 ] 获取元素文本:(登录页_error_pageCenter_text)
 Thu, 21 Feb 2019 22:00:38  INFO test_00_login.py test_login_error_pageCenter [ line:51 ] 测试通过
 Thu, 21 Feb 2019 22:00:38  INFO test_00_login.py test_login_error_pageCenter [ line:60 ] excel中写回测试结果
 Thu, 21 Feb 2019 22:00:38  INFO conftest.py init_loginPage [ line:31 ] 用例执行完成
</system-err></testcase><testcase classname="Test_Case.test_00_login.TestLogin" file="Test_Case\test_00_login.py" line="41" name="test_login_error_pageCenter[data1]" time="1.1120641231536865"><system-err> Thu, 21 Feb 2019 22:00:38  INFO conftest.py init_loginPage [ line:28 ] 执行测试用例,进入前程贷登录页面
 Thu, 21 Feb 2019 22:00:39  INFO test_00_login.py test_login_error_pageCenter [ line:46 ] totast弹窗错误_登录测试_{&apos;username&apos;: &apos;18684720553&apos;, &apos;check&apos;: &apos;帐号或密码错误!&apos;, &apos;pwd&apos;: &apos;123456&apos;}
 Thu, 21 Feb 2019 22:00:39  INFO base_page.py wait_eleVisible [ line:40 ] 等待元素:(登录页_login)
 Thu, 21 Feb 2019 22:00:39  INFO base_page.py wait_eleVisible [ line:45 ] 等待元素成功:登录页_login，用时:0.021001100540161133
 Thu, 21 Feb 2019 22:00:39  INFO base_page.py find_element [ line:53 ] 查找元素:(登录页_login)
 Thu, 21 Feb 2019 22:00:39  INFO base_page.py clear_input_text [ line:73 ] 清空输入框文本:(登录页_login)
 Thu, 21 Feb 2019 22:00:39  INFO base_page.py clear_input_text [ line:76 ] 清空输入框成功:(登录页_login)
 Thu, 21 Feb 2019 22:00:39  INFO base_page.py find_element [ line:53 ] 查找元素:(登录页_login)
 Thu, 21 Feb 2019 22:00:39  INFO base_page.py send_keys [ line:84 ] 登录页_login_输入文本:18684720553
 Thu, 21 Feb 2019 22:00:39  INFO base_page.py send_keys [ line:87 ] 登录页_login_输入文本成功:18684720553
 Thu, 21 Feb 2019 22:00:39  INFO base_page.py wait_eleVisible [ line:40 ] 等待元素:(登录页_login)
 Thu, 21 Feb 2019 22:00:39  INFO base_page.py wait_eleVisible [ line:45 ] 等待元素成功:登录页_login，用时:0.019001007080078125
 Thu, 21 Feb 2019 22:00:39  INFO base_page.py find_element [ line:53 ] 查找元素:(登录页_login)
 Thu, 21 Feb 2019 22:00:39  INFO base_page.py clear_input_text [ line:73 ] 清空输入框文本:(登录页_login)
 Thu, 21 Feb 2019 22:00:39  INFO base_page.py clear_input_text [ line:76 ] 清空输入框成功:(登录页_login)
 Thu, 21 Feb 2019 22:00:39  INFO base_page.py find_element [ line:53 ] 查找元素:(登录页_login)
 Thu, 21 Feb 2019 22:00:39  INFO base_page.py send_keys [ line:84 ] 登录页_login_输入文本:123456
 Thu, 21 Feb 2019 22:00:39  INFO base_page.py send_keys [ line:87 ] 登录页_login_输入文本成功:123456
 Thu, 21 Feb 2019 22:00:39  INFO base_page.py click_element [ line:62 ] 点击元素:(登录页_login)
 Thu, 21 Feb 2019 22:00:39  INFO base_page.py click_element [ line:65 ] 点击元素成功:(登录页_login)
 Thu, 21 Feb 2019 22:00:39  INFO base_page.py wait_eleVisible [ line:40 ] 等待元素:(登录页_error_pageCenter_text)
 Thu, 21 Feb 2019 22:00:39  INFO base_page.py wait_eleVisible [ line:45 ] 等待元素成功:登录页_error_pageCenter_text，用时:0.5710320472717285
 Thu, 21 Feb 2019 22:00:39  INFO base_page.py find_element [ line:53 ] 查找元素:(登录页_error_pageCenter_text)
 Thu, 21 Feb 2019 22:00:39  INFO base_page.py get_eleText [ line:95 ] 获取元素文本:(登录页_error_pageCenter_text)
 Thu, 21 Feb 2019 22:00:39  INFO test_00_login.py test_login_error_pageCenter [ line:51 ] 测试通过
 Thu, 21 Feb 2019 22:00:39  INFO test_00_login.py test_login_error_pageCenter [ line:60 ] excel中写回测试结果
 Thu, 21 Feb 2019 22:00:39  INFO conftest.py init_loginPage [ line:31 ] 用例执行完成
</system-err></testcase><testcase classname="Test_Case.test_00_login.TestLogin" file="Test_Case\test_00_login.py" line="61" name="test_login_success" time="25.202442169189453"><system-err> Thu, 21 Feb 2019 22:00:39  INFO conftest.py init_loginPage [ line:28 ] 执行测试用例,进入前程贷登录页面
 Thu, 21 Feb 2019 22:00:41  INFO test_00_login.py test_login_success [ line:67 ] 正常登录测试_{&apos;username&apos;: &apos;18684720553&apos;, &apos;pwd&apos;: &apos;python&apos;}
 Thu, 21 Feb 2019 22:00:41  INFO base_page.py wait_eleVisible [ line:40 ] 等待元素:(登录页_login)
 Thu, 21 Feb 2019 22:00:41  INFO base_page.py wait_eleVisible [ line:45 ] 等待元素成功:登录页_login，用时:0.03300189971923828
 Thu, 21 Feb 2019 22:00:41  INFO base_page.py find_element [ line:53 ] 查找元素:(登录页_login)
 Thu, 21 Feb 2019 22:00:41  INFO base_page.py clear_input_text [ line:73 ] 清空输入框文本:(登录页_login)
 Thu, 21 Feb 2019 22:00:41  INFO base_page.py clear_input_text [ line:76 ] 清空输入框成功:(登录页_login)
 Thu, 21 Feb 2019 22:00:41  INFO base_page.py find_element [ line:53 ] 查找元素:(登录页_login)
 Thu, 21 Feb 2019 22:00:41  INFO base_page.py send_keys [ line:84 ] 登录页_login_输入文本:18684720553
 Thu, 21 Feb 2019 22:00:41  INFO base_page.py send_keys [ line:87 ] 登录页_login_输入文本成功:18684720553
 Thu, 21 Feb 2019 22:00:41  INFO base_page.py wait_eleVisible [ line:40 ] 等待元素:(登录页_login)
 Thu, 21 Feb 2019 22:00:41  INFO base_page.py wait_eleVisible [ line:45 ] 等待元素成功:登录页_login，用时:0.021001100540161133
 Thu, 21 Feb 2019 22:00:41  INFO base_page.py find_element [ line:53 ] 查找元素:(登录页_login)
 Thu, 21 Feb 2019 22:00:41  INFO base_page.py clear_input_text [ line:73 ] 清空输入框文本:(登录页_login)
 Thu, 21 Feb 2019 22:00:41  INFO base_page.py clear_input_text [ line:76 ] 清空输入框成功:(登录页_login)
 Thu, 21 Feb 2019 22:00:41  INFO base_page.py find_element [ line:53 ] 查找元素:(登录页_login)
 Thu, 21 Feb 2019 22:00:41  INFO base_page.py send_keys [ line:84 ] 登录页_login_输入文本:python
 Thu, 21 Feb 2019 22:00:41  INFO base_page.py send_keys [ line:87 ] 登录页_login_输入文本成功:python
 Thu, 21 Feb 2019 22:00:41  INFO base_page.py click_element [ line:62 ] 点击元素:(登录页_login)
 Thu, 21 Feb 2019 22:00:41  INFO base_page.py click_element [ line:65 ] 点击元素成功:(登录页_login)
 Thu, 21 Feb 2019 22:00:41  INFO base_page.py wait_eleVisible [ line:40 ] 等待元素:(首页_member_is_exist)
 Thu, 21 Feb 2019 22:01:03  INFO base_page.py wait_eleVisible [ line:45 ] 等待元素成功:首页_member_is_exist，用时:21.611235857009888
 Thu, 21 Feb 2019 22:01:03  INFO test_00_login.py test_login_success [ line:72 ] 测试通过
 Thu, 21 Feb 2019 22:01:03  INFO test_00_login.py test_login_success [ line:81 ] excel中写回测试结果
 Thu, 21 Feb 2019 22:01:03  INFO conftest.py init_loginPage [ line:31 ] 用例执行完成
 Thu, 21 Feb 2019 22:01:03  INFO conftest.py init_driver [ line:22 ] 关闭chrome浏览器
</system-err></testcase><testcase classname="Test_Case.test_01_invest.TestInvest" file="Test_Case\test_01_invest.py" line="16" name="test_invest_error_popUp[data0]" time="69.71598696708679"><system-err> Thu, 21 Feb 2019 22:01:05  INFO conftest.py init_driver [ line:17 ] 初始化chrome浏览器
 Thu, 21 Feb 2019 22:01:08  INFO conftest.py init_login [ line:37 ] 进入前程贷登录页面，登录系统
 Thu, 21 Feb 2019 22:01:09  INFO base_page.py wait_eleVisible [ line:40 ] 等待元素:(登录页_login)
 Thu, 21 Feb 2019 22:01:09  INFO base_page.py wait_eleVisible [ line:45 ] 等待元素成功:登录页_login，用时:0.03900313377380371
 Thu, 21 Feb 2019 22:01:09  INFO base_page.py find_element [ line:53 ] 查找元素:(登录页_login)
 Thu, 21 Feb 2019 22:01:10  INFO base_page.py clear_input_text [ line:73 ] 清空输入框文本:(登录页_login)
 Thu, 21 Feb 2019 22:01:10  INFO base_page.py clear_input_text [ line:76 ] 清空输入框成功:(登录页_login)
 Thu, 21 Feb 2019 22:01:10  INFO base_page.py find_element [ line:53 ] 查找元素:(登录页_login)
 Thu, 21 Feb 2019 22:01:10  INFO base_page.py send_keys [ line:84 ] 登录页_login_输入文本:18684720553
 Thu, 21 Feb 2019 22:01:10  INFO base_page.py send_keys [ line:87 ] 登录页_login_输入文本成功:18684720553
 Thu, 21 Feb 2019 22:01:10  INFO base_page.py wait_eleVisible [ line:40 ] 等待元素:(登录页_login)
 Thu, 21 Feb 2019 22:01:10  INFO base_page.py wait_eleVisible [ line:45 ] 等待元素成功:登录页_login，用时:0.025001049041748047
 Thu, 21 Feb 2019 22:01:10  INFO base_page.py find_element [ line:53 ] 查找元素:(登录页_login)
 Thu, 21 Feb 2019 22:01:10  INFO base_page.py clear_input_text [ line:73 ] 清空输入框文本:(登录页_login)
 Thu, 21 Feb 2019 22:01:10  INFO base_page.py clear_input_text [ line:76 ] 清空输入框成功:(登录页_login)
 Thu, 21 Feb 2019 22:01:10  INFO base_page.py find_element [ line:53 ] 查找元素:(登录页_login)
 Thu, 21 Feb 2019 22:01:10  INFO base_page.py send_keys [ line:84 ] 登录页_login_输入文本:python
 Thu, 21 Feb 2019 22:01:10  INFO base_page.py send_keys [ line:87 ] 登录页_login_输入文本成功:python
 Thu, 21 Feb 2019 22:01:10  INFO base_page.py click_element [ line:62 ] 点击元素:(登录页_login)
 Thu, 21 Feb 2019 22:01:10  INFO base_page.py click_element [ line:65 ] 点击元素成功:(登录页_login)
 Thu, 21 Feb 2019 22:01:10  INFO base_page.py click_element [ line:62 ] 点击元素:(首页_click_bid_button)
 Thu, 21 Feb 2019 22:01:53  INFO base_page.py click_element [ line:65 ] 点击元素成功:(首页_click_bid_button)
 Thu, 21 Feb 2019 22:01:53  INFO conftest.py init_bidPage [ line:48 ] 执行测试
 Thu, 21 Feb 2019 22:01:53  INFO conftest.py init_bidPage [ line:49 ] 获取标的相关信息：标余额，用户余额，标id
 Thu, 21 Feb 2019 22:01:53  INFO base_page.py wait_eleVisible [ line:40 ] 等待元素:(登录页_get_bid_left_money)
 Thu, 21 Feb 2019 22:01:53  INFO base_page.py wait_eleVisible [ line:45 ] 等待元素成功:登录页_get_bid_left_money，用时:0.0650029182434082
 Thu, 21 Feb 2019 22:01:53  INFO base_page.py find_element [ line:53 ] 查找元素:(登录页_get_bid_left_money)
 Thu, 21 Feb 2019 22:01:53  INFO base_page.py get_eleAttribute [ line:105 ] 登录页_get_bid_left_money_获取元素属性:登录页_get_bid_left_money
 Thu, 21 Feb 2019 22:01:53  INFO base_page.py wait_eleVisible [ line:40 ] 等待元素:(登录页_get_user_left_money)
 Thu, 21 Feb 2019 22:01:53  INFO base_page.py wait_eleVisible [ line:45 ] 等待元素成功:登录页_get_user_left_money，用时:0.012000799179077148
 Thu, 21 Feb 2019 22:01:53  INFO base_page.py find_element [ line:53 ] 查找元素:(登录页_get_user_left_money)
 Thu, 21 Feb 2019 22:01:53  INFO base_page.py get_eleAttribute [ line:105 ] 登录页_get_user_left_money_获取元素属性:登录页_get_user_left_money
 Thu, 21 Feb 2019 22:01:53  INFO base_page.py wait_eleVisible [ line:40 ] 等待元素:(登录页_get_bid_id)
 Thu, 21 Feb 2019 22:01:53  INFO base_page.py wait_eleVisible [ line:45 ] 等待元素成功:登录页_get_bid_id，用时:0.013000965118408203
 Thu, 21 Feb 2019 22:01:53  INFO base_page.py find_element [ line:53 ] 查找元素:(登录页_get_bid_id)
 Thu, 21 Feb 2019 22:01:53  INFO base_page.py get_eleAttribute [ line:105 ] 登录页_get_bid_id_获取元素属性:登录页_get_bid_id
 Thu, 21 Feb 2019 22:01:53  INFO test_01_invest.py test_invest_error_popUp [ line:19 ] 投标测试_投资失败_弹窗提示：{&apos;check&apos;: &apos;请正确填写投标金额&apos;, &apos;money&apos;: &apos;0&apos;}
 Thu, 21 Feb 2019 22:01:53  INFO base_page.py wait_eleVisible [ line:40 ] 等待元素:(登录页_input_money)
 Thu, 21 Feb 2019 22:01:53  INFO base_page.py wait_eleVisible [ line:45 ] 等待元素成功:登录页_input_money，用时:0.014001131057739258
 Thu, 21 Feb 2019 22:01:53  INFO base_page.py find_element [ line:53 ] 查找元素:(登录页_input_money)
 Thu, 21 Feb 2019 22:01:53  INFO base_page.py send_keys [ line:84 ] 登录页_input_money_输入文本:0
 Thu, 21 Feb 2019 22:01:53  INFO base_page.py send_keys [ line:87 ] 登录页_input_money_输入文本成功:0
 Thu, 21 Feb 2019 22:01:53  INFO base_page.py click_element [ line:62 ] 点击元素:(登录页_click_invest_button)
 Thu, 21 Feb 2019 22:01:53  INFO base_page.py click_element [ line:65 ] 点击元素成功:(登录页_click_invest_button)
 Thu, 21 Feb 2019 22:01:53  INFO base_page.py wait_eleVisible [ line:40 ] 等待元素:(登录页_get_errorPopUp_text)
 Thu, 21 Feb 2019 22:01:53  INFO base_page.py wait_eleVisible [ line:45 ] 等待元素成功:登录页_get_errorPopUp_text，用时:0.5530319213867188
 Thu, 21 Feb 2019 22:01:53  INFO base_page.py find_element [ line:53 ] 查找元素:(登录页_get_errorPopUp_text)
 Thu, 21 Feb 2019 22:01:53  INFO base_page.py get_eleText [ line:95 ] 获取元素文本:(登录页_get_errorPopUp_text)
 Thu, 21 Feb 2019 22:01:53  INFO test_01_invest.py test_invest_error_popUp [ line:32 ] 测试通过
 Thu, 21 Feb 2019 22:01:53  INFO test_01_invest.py test_invest_error_popUp [ line:41 ] excel写回测试结果
 Thu, 21 Feb 2019 22:01:53  INFO conftest.py init_bidPage [ line:55 ] 刷新标页面
</system-err></testcase><testcase classname="Test_Case.test_01_invest.TestInvest" file="Test_Case\test_01_invest.py" line="16" name="test_invest_error_popUp[data1]" time="21.90725302696228"><system-err> Thu, 21 Feb 2019 22:02:14  INFO conftest.py init_bidPage [ line:48 ] 执行测试
 Thu, 21 Feb 2019 22:02:14  INFO conftest.py init_bidPage [ line:49 ] 获取标的相关信息：标余额，用户余额，标id
 Thu, 21 Feb 2019 22:02:14  INFO base_page.py wait_eleVisible [ line:40 ] 等待元素:(登录页_get_bid_left_money)
 Thu, 21 Feb 2019 22:02:14  INFO base_page.py wait_eleVisible [ line:45 ] 等待元素成功:登录页_get_bid_left_money，用时:0.046003103256225586
 Thu, 21 Feb 2019 22:02:14  INFO base_page.py find_element [ line:53 ] 查找元素:(登录页_get_bid_left_money)
 Thu, 21 Feb 2019 22:02:14  INFO base_page.py get_eleAttribute [ line:105 ] 登录页_get_bid_left_money_获取元素属性:登录页_get_bid_left_money
 Thu, 21 Feb 2019 22:02:15  INFO base_page.py wait_eleVisible [ line:40 ] 等待元素:(登录页_get_user_left_money)
 Thu, 21 Feb 2019 22:02:15  INFO base_page.py wait_eleVisible [ line:45 ] 等待元素成功:登录页_get_user_left_money，用时:0.0240020751953125
 Thu, 21 Feb 2019 22:02:15  INFO base_page.py find_element [ line:53 ] 查找元素:(登录页_get_user_left_money)
 Thu, 21 Feb 2019 22:02:15  INFO base_page.py get_eleAttribute [ line:105 ] 登录页_get_user_left_money_获取元素属性:登录页_get_user_left_money
 Thu, 21 Feb 2019 22:02:15  INFO base_page.py wait_eleVisible [ line:40 ] 等待元素:(登录页_get_bid_id)
 Thu, 21 Feb 2019 22:02:15  INFO base_page.py wait_eleVisible [ line:45 ] 等待元素成功:登录页_get_bid_id，用时:0.01700115203857422
 Thu, 21 Feb 2019 22:02:15  INFO base_page.py find_element [ line:53 ] 查找元素:(登录页_get_bid_id)
 Thu, 21 Feb 2019 22:02:15  INFO base_page.py get_eleAttribute [ line:105 ] 登录页_get_bid_id_获取元素属性:登录页_get_bid_id
 Thu, 21 Feb 2019 22:02:15  INFO test_01_invest.py test_invest_error_popUp [ line:19 ] 投标测试_投资失败_弹窗提示：{&apos;check&apos;: &apos;投标金额必须为100的倍数&apos;, &apos;money&apos;: &apos;1050&apos;}
 Thu, 21 Feb 2019 22:02:15  INFO base_page.py wait_eleVisible [ line:40 ] 等待元素:(登录页_input_money)
 Thu, 21 Feb 2019 22:02:15  INFO base_page.py wait_eleVisible [ line:45 ] 等待元素成功:登录页_input_money，用时:0.013000011444091797
 Thu, 21 Feb 2019 22:02:15  INFO base_page.py find_element [ line:53 ] 查找元素:(登录页_input_money)
 Thu, 21 Feb 2019 22:02:15  INFO base_page.py send_keys [ line:84 ] 登录页_input_money_输入文本:1050
 Thu, 21 Feb 2019 22:02:15  INFO base_page.py send_keys [ line:87 ] 登录页_input_money_输入文本成功:1050
 Thu, 21 Feb 2019 22:02:15  INFO base_page.py click_element [ line:62 ] 点击元素:(登录页_click_invest_button)
 Thu, 21 Feb 2019 22:02:15  INFO base_page.py click_element [ line:65 ] 点击元素成功:(登录页_click_invest_button)
 Thu, 21 Feb 2019 22:02:15  INFO base_page.py wait_eleVisible [ line:40 ] 等待元素:(登录页_get_errorPopUp_text)
 Thu, 21 Feb 2019 22:02:15  INFO base_page.py wait_eleVisible [ line:45 ] 等待元素成功:登录页_get_errorPopUp_text，用时:0.5540320873260498
 Thu, 21 Feb 2019 22:02:15  INFO base_page.py find_element [ line:53 ] 查找元素:(登录页_get_errorPopUp_text)
 Thu, 21 Feb 2019 22:02:15  INFO base_page.py get_eleText [ line:95 ] 获取元素文本:(登录页_get_errorPopUp_text)
 Thu, 21 Feb 2019 22:02:15  INFO test_01_invest.py test_invest_error_popUp [ line:32 ] 测试通过
 Thu, 21 Feb 2019 22:02:15  INFO test_01_invest.py test_invest_error_popUp [ line:41 ] excel写回测试结果
 Thu, 21 Feb 2019 22:02:15  INFO conftest.py init_bidPage [ line:55 ] 刷新标页面
</system-err></testcase><testcase classname="Test_Case.test_01_invest.TestInvest" file="Test_Case\test_01_invest.py" line="16" name="test_invest_error_popUp[data2]" time="21.964256048202515"><system-err> Thu, 21 Feb 2019 22:02:36  INFO conftest.py init_bidPage [ line:48 ] 执行测试
 Thu, 21 Feb 2019 22:02:36  INFO conftest.py init_bidPage [ line:49 ] 获取标的相关信息：标余额，用户余额，标id
 Thu, 21 Feb 2019 22:02:36  INFO base_page.py wait_eleVisible [ line:40 ] 等待元素:(登录页_get_bid_left_money)
 Thu, 21 Feb 2019 22:02:36  INFO base_page.py wait_eleVisible [ line:45 ] 等待元素成功:登录页_get_bid_left_money，用时:0.04800295829772949
 Thu, 21 Feb 2019 22:02:36  INFO base_page.py find_element [ line:53 ] 查找元素:(登录页_get_bid_left_money)
 Thu, 21 Feb 2019 22:02:36  INFO base_page.py get_eleAttribute [ line:105 ] 登录页_get_bid_left_money_获取元素属性:登录页_get_bid_left_money
 Thu, 21 Feb 2019 22:02:36  INFO base_page.py wait_eleVisible [ line:40 ] 等待元素:(登录页_get_user_left_money)
 Thu, 21 Feb 2019 22:02:36  INFO base_page.py wait_eleVisible [ line:45 ] 等待元素成功:登录页_get_user_left_money，用时:0.021001100540161133
 Thu, 21 Feb 2019 22:02:36  INFO base_page.py find_element [ line:53 ] 查找元素:(登录页_get_user_left_money)
 Thu, 21 Feb 2019 22:02:36  INFO base_page.py get_eleAttribute [ line:105 ] 登录页_get_user_left_money_获取元素属性:登录页_get_user_left_money
 Thu, 21 Feb 2019 22:02:36  INFO base_page.py wait_eleVisible [ line:40 ] 等待元素:(登录页_get_bid_id)
 Thu, 21 Feb 2019 22:02:36  INFO base_page.py wait_eleVisible [ line:45 ] 等待元素成功:登录页_get_bid_id，用时:0.020001888275146484
 Thu, 21 Feb 2019 22:02:36  INFO base_page.py find_element [ line:53 ] 查找元素:(登录页_get_bid_id)
 Thu, 21 Feb 2019 22:02:37  INFO base_page.py get_eleAttribute [ line:105 ] 登录页_get_bid_id_获取元素属性:登录页_get_bid_id
 Thu, 21 Feb 2019 22:02:37  INFO test_01_invest.py test_invest_error_popUp [ line:19 ] 投标测试_投资失败_弹窗提示：{&apos;check&apos;: &apos;购买标的金额不能大于标剩余金额&apos;, &apos;money&apos;: &apos;moreBidLeft&apos;}
 Thu, 21 Feb 2019 22:02:37  INFO test_01_invest.py test_invest_error_popUp [ line:22 ] moreBidLeft数据替换为：11535900
 Thu, 21 Feb 2019 22:02:37  INFO base_page.py wait_eleVisible [ line:40 ] 等待元素:(登录页_input_money)
 Thu, 21 Feb 2019 22:02:37  INFO base_page.py wait_eleVisible [ line:45 ] 等待元素成功:登录页_input_money，用时:0.018001079559326172
 Thu, 21 Feb 2019 22:02:37  INFO base_page.py find_element [ line:53 ] 查找元素:(登录页_input_money)
 Thu, 21 Feb 2019 22:02:37  INFO base_page.py send_keys [ line:84 ] 登录页_input_money_输入文本:11535900
 Thu, 21 Feb 2019 22:02:37  INFO base_page.py send_keys [ line:87 ] 登录页_input_money_输入文本成功:11535900
 Thu, 21 Feb 2019 22:02:37  INFO base_page.py click_element [ line:62 ] 点击元素:(登录页_click_invest_button)
 Thu, 21 Feb 2019 22:02:37  INFO base_page.py click_element [ line:65 ] 点击元素成功:(登录页_click_invest_button)
 Thu, 21 Feb 2019 22:02:37  INFO base_page.py wait_eleVisible [ line:40 ] 等待元素:(登录页_get_errorPopUp_text)
 Thu, 21 Feb 2019 22:02:37  INFO base_page.py wait_eleVisible [ line:45 ] 等待元素成功:登录页_get_errorPopUp_text，用时:0.5740330219268799
 Thu, 21 Feb 2019 22:02:37  INFO base_page.py find_element [ line:53 ] 查找元素:(登录页_get_errorPopUp_text)
 Thu, 21 Feb 2019 22:02:37  INFO base_page.py get_eleText [ line:95 ] 获取元素文本:(登录页_get_errorPopUp_text)
 Thu, 21 Feb 2019 22:02:37  INFO test_01_invest.py test_invest_error_popUp [ line:32 ] 测试通过
 Thu, 21 Feb 2019 22:02:37  INFO test_01_invest.py test_invest_error_popUp [ line:41 ] excel写回测试结果
 Thu, 21 Feb 2019 22:02:37  INFO conftest.py init_bidPage [ line:55 ] 刷新标页面
</system-err></testcase><testcase classname="Test_Case.test_01_invest.TestInvest" file="Test_Case\test_01_invest.py" line="16" name="test_invest_error_popUp[data3]" time="21.879251956939697"><system-err> Thu, 21 Feb 2019 22:02:58  INFO conftest.py init_bidPage [ line:48 ] 执行测试
 Thu, 21 Feb 2019 22:02:58  INFO conftest.py init_bidPage [ line:49 ] 获取标的相关信息：标余额，用户余额，标id
 Thu, 21 Feb 2019 22:02:58  INFO base_page.py wait_eleVisible [ line:40 ] 等待元素:(登录页_get_bid_left_money)
 Thu, 21 Feb 2019 22:02:58  INFO base_page.py wait_eleVisible [ line:45 ] 等待元素成功:登录页_get_bid_left_money，用时:0.0370020866394043
 Thu, 21 Feb 2019 22:02:58  INFO base_page.py find_element [ line:53 ] 查找元素:(登录页_get_bid_left_money)
 Thu, 21 Feb 2019 22:02:58  INFO base_page.py get_eleAttribute [ line:105 ] 登录页_get_bid_left_money_获取元素属性:登录页_get_bid_left_money
 Thu, 21 Feb 2019 22:02:58  INFO base_page.py wait_eleVisible [ line:40 ] 等待元素:(登录页_get_user_left_money)
 Thu, 21 Feb 2019 22:02:58  INFO base_page.py wait_eleVisible [ line:45 ] 等待元素成功:登录页_get_user_left_money，用时:0.01200103759765625
 Thu, 21 Feb 2019 22:02:58  INFO base_page.py find_element [ line:53 ] 查找元素:(登录页_get_user_left_money)
 Thu, 21 Feb 2019 22:02:58  INFO base_page.py get_eleAttribute [ line:105 ] 登录页_get_user_left_money_获取元素属性:登录页_get_user_left_money
 Thu, 21 Feb 2019 22:02:58  INFO base_page.py wait_eleVisible [ line:40 ] 等待元素:(登录页_get_bid_id)
 Thu, 21 Feb 2019 22:02:58  INFO base_page.py wait_eleVisible [ line:45 ] 等待元素成功:登录页_get_bid_id，用时:0.01200103759765625
 Thu, 21 Feb 2019 22:02:58  INFO base_page.py find_element [ line:53 ] 查找元素:(登录页_get_bid_id)
 Thu, 21 Feb 2019 22:02:58  INFO base_page.py get_eleAttribute [ line:105 ] 登录页_get_bid_id_获取元素属性:登录页_get_bid_id
 Thu, 21 Feb 2019 22:02:58  INFO test_01_invest.py test_invest_error_popUp [ line:19 ] 投标测试_投资失败_弹窗提示：{&apos;check&apos;: &apos;投标金额大于可用金额&apos;, &apos;money&apos;: &apos;moreUserLeft&apos;}
 Thu, 21 Feb 2019 22:02:58  INFO test_01_invest.py test_invest_error_popUp [ line:25 ] moreUserLeft数据替换为：18213100
 Thu, 21 Feb 2019 22:02:58  INFO base_page.py wait_eleVisible [ line:40 ] 等待元素:(登录页_input_money)
 Thu, 21 Feb 2019 22:02:58  INFO base_page.py wait_eleVisible [ line:45 ] 等待元素成功:登录页_input_money，用时:0.013000965118408203
 Thu, 21 Feb 2019 22:02:58  INFO base_page.py find_element [ line:53 ] 查找元素:(登录页_input_money)
 Thu, 21 Feb 2019 22:02:58  INFO base_page.py send_keys [ line:84 ] 登录页_input_money_输入文本:18213100
 Thu, 21 Feb 2019 22:02:59  INFO base_page.py send_keys [ line:87 ] 登录页_input_money_输入文本成功:18213100
 Thu, 21 Feb 2019 22:02:59  INFO base_page.py click_element [ line:62 ] 点击元素:(登录页_click_invest_button)
 Thu, 21 Feb 2019 22:02:59  INFO base_page.py click_element [ line:65 ] 点击元素成功:(登录页_click_invest_button)
 Thu, 21 Feb 2019 22:02:59  INFO base_page.py wait_eleVisible [ line:40 ] 等待元素:(登录页_get_errorPopUp_text)
 Thu, 21 Feb 2019 22:02:59  INFO base_page.py wait_eleVisible [ line:45 ] 等待元素成功:登录页_get_errorPopUp_text，用时:0.5750329494476318
 Thu, 21 Feb 2019 22:02:59  INFO base_page.py find_element [ line:53 ] 查找元素:(登录页_get_errorPopUp_text)
 Thu, 21 Feb 2019 22:02:59  INFO base_page.py get_eleText [ line:95 ] 获取元素文本:(登录页_get_errorPopUp_text)
 Thu, 21 Feb 2019 22:02:59  INFO test_01_invest.py test_invest_error_popUp [ line:32 ] 测试通过
 Thu, 21 Feb 2019 22:02:59  INFO test_01_invest.py test_invest_error_popUp [ line:41 ] excel写回测试结果
 Thu, 21 Feb 2019 22:02:59  INFO conftest.py init_bidPage [ line:55 ] 刷新标页面
</system-err></testcase><testcase classname="Test_Case.test_01_invest.TestInvest" file="Test_Case\test_01_invest.py" line="42" name="test_invest_error_button" time="21.263216018676758"><system-err> Thu, 21 Feb 2019 22:03:20  INFO conftest.py init_bidPage [ line:48 ] 执行测试
 Thu, 21 Feb 2019 22:03:20  INFO conftest.py init_bidPage [ line:49 ] 获取标的相关信息：标余额，用户余额，标id
 Thu, 21 Feb 2019 22:03:20  INFO base_page.py wait_eleVisible [ line:40 ] 等待元素:(登录页_get_bid_left_money)
 Thu, 21 Feb 2019 22:03:20  INFO base_page.py wait_eleVisible [ line:45 ] 等待元素成功:登录页_get_bid_left_money，用时:0.04800295829772949
 Thu, 21 Feb 2019 22:03:20  INFO base_page.py find_element [ line:53 ] 查找元素:(登录页_get_bid_left_money)
 Thu, 21 Feb 2019 22:03:20  INFO base_page.py get_eleAttribute [ line:105 ] 登录页_get_bid_left_money_获取元素属性:登录页_get_bid_left_money
 Thu, 21 Feb 2019 22:03:20  INFO base_page.py wait_eleVisible [ line:40 ] 等待元素:(登录页_get_user_left_money)
 Thu, 21 Feb 2019 22:03:20  INFO base_page.py wait_eleVisible [ line:45 ] 等待元素成功:登录页_get_user_left_money，用时:0.01399993896484375
 Thu, 21 Feb 2019 22:03:20  INFO base_page.py find_element [ line:53 ] 查找元素:(登录页_get_user_left_money)
 Thu, 21 Feb 2019 22:03:20  INFO base_page.py get_eleAttribute [ line:105 ] 登录页_get_user_left_money_获取元素属性:登录页_get_user_left_money
 Thu, 21 Feb 2019 22:03:20  INFO base_page.py wait_eleVisible [ line:40 ] 等待元素:(登录页_get_bid_id)
 Thu, 21 Feb 2019 22:03:20  INFO base_page.py wait_eleVisible [ line:45 ] 等待元素成功:登录页_get_bid_id，用时:0.014000892639160156
 Thu, 21 Feb 2019 22:03:20  INFO base_page.py find_element [ line:53 ] 查找元素:(登录页_get_bid_id)
 Thu, 21 Feb 2019 22:03:20  INFO base_page.py get_eleAttribute [ line:105 ] 登录页_get_bid_id_获取元素属性:登录页_get_bid_id
 Thu, 21 Feb 2019 22:03:20  INFO test_01_invest.py test_invest_error_button [ line:44 ] 投标测试_投资失败_投标按钮提示：{&apos;check&apos;: &apos;请输入10的整数倍&apos;, &apos;money&apos;: &apos;555&apos;}
 Thu, 21 Feb 2019 22:03:20  INFO base_page.py wait_eleVisible [ line:40 ] 等待元素:(登录页_input_money)
 Thu, 21 Feb 2019 22:03:20  INFO base_page.py wait_eleVisible [ line:45 ] 等待元素成功:登录页_input_money，用时:0.015001058578491211
 Thu, 21 Feb 2019 22:03:20  INFO base_page.py find_element [ line:53 ] 查找元素:(登录页_input_money)
 Thu, 21 Feb 2019 22:03:20  INFO base_page.py send_keys [ line:84 ] 登录页_input_money_输入文本:555
 Thu, 21 Feb 2019 22:03:20  INFO base_page.py send_keys [ line:87 ] 登录页_input_money_输入文本成功:555
 Thu, 21 Feb 2019 22:03:20  INFO base_page.py wait_eleVisible [ line:40 ] 等待元素:(登录页_get_bidButton_text)
 Thu, 21 Feb 2019 22:03:20  INFO base_page.py wait_eleVisible [ line:45 ] 等待元素成功:登录页_get_bidButton_text，用时:0.03200197219848633
 Thu, 21 Feb 2019 22:03:20  INFO base_page.py find_element [ line:53 ] 查找元素:(登录页_get_bidButton_text)
 Thu, 21 Feb 2019 22:03:20  INFO base_page.py get_eleText [ line:95 ] 获取元素文本:(登录页_get_bidButton_text)
 Thu, 21 Feb 2019 22:03:20  INFO test_01_invest.py test_invest_error_button [ line:49 ] 测试通过
 Thu, 21 Feb 2019 22:03:20  INFO test_01_invest.py test_invest_error_button [ line:58 ] excel写回测试结果
 Thu, 21 Feb 2019 22:03:20  INFO conftest.py init_bidPage [ line:55 ] 刷新标页面
</system-err></testcase><testcase classname="Test_Case.test_01_invest.TestInvest" file="Test_Case\test_01_invest.py" line="59" name="test_invest_success" time="45.84041929244995"><system-err> Thu, 21 Feb 2019 22:03:42  INFO conftest.py init_bidPage [ line:48 ] 执行测试
 Thu, 21 Feb 2019 22:03:42  INFO conftest.py init_bidPage [ line:49 ] 获取标的相关信息：标余额，用户余额，标id
 Thu, 21 Feb 2019 22:03:42  INFO base_page.py wait_eleVisible [ line:40 ] 等待元素:(登录页_get_bid_left_money)
 Thu, 21 Feb 2019 22:03:42  INFO base_page.py wait_eleVisible [ line:45 ] 等待元素成功:登录页_get_bid_left_money，用时:0.040001869201660156
 Thu, 21 Feb 2019 22:03:42  INFO base_page.py find_element [ line:53 ] 查找元素:(登录页_get_bid_left_money)
 Thu, 21 Feb 2019 22:03:42  INFO base_page.py get_eleAttribute [ line:105 ] 登录页_get_bid_left_money_获取元素属性:登录页_get_bid_left_money
 Thu, 21 Feb 2019 22:03:42  INFO base_page.py wait_eleVisible [ line:40 ] 等待元素:(登录页_get_user_left_money)
 Thu, 21 Feb 2019 22:03:42  INFO base_page.py wait_eleVisible [ line:45 ] 等待元素成功:登录页_get_user_left_money，用时:0.015001058578491211
 Thu, 21 Feb 2019 22:03:42  INFO base_page.py find_element [ line:53 ] 查找元素:(登录页_get_user_left_money)
 Thu, 21 Feb 2019 22:03:42  INFO base_page.py get_eleAttribute [ line:105 ] 登录页_get_user_left_money_获取元素属性:登录页_get_user_left_money
 Thu, 21 Feb 2019 22:03:42  INFO base_page.py wait_eleVisible [ line:40 ] 等待元素:(登录页_get_bid_id)
 Thu, 21 Feb 2019 22:03:42  INFO base_page.py wait_eleVisible [ line:45 ] 等待元素成功:登录页_get_bid_id，用时:0.014000892639160156
 Thu, 21 Feb 2019 22:03:42  INFO base_page.py find_element [ line:53 ] 查找元素:(登录页_get_bid_id)
 Thu, 21 Feb 2019 22:03:42  INFO base_page.py get_eleAttribute [ line:105 ] 登录页_get_bid_id_获取元素属性:登录页_get_bid_id
 Thu, 21 Feb 2019 22:03:42  INFO test_01_invest.py test_invest_success [ line:70 ] 投标测试_投资成功：{&apos;money&apos;: &apos;1000&apos;}
 Thu, 21 Feb 2019 22:03:42  INFO base_page.py wait_eleVisible [ line:40 ] 等待元素:(登录页_input_money)
 Thu, 21 Feb 2019 22:03:42  INFO base_page.py wait_eleVisible [ line:45 ] 等待元素成功:登录页_input_money，用时:0.013000965118408203
 Thu, 21 Feb 2019 22:03:42  INFO base_page.py find_element [ line:53 ] 查找元素:(登录页_input_money)
 Thu, 21 Feb 2019 22:03:42  INFO base_page.py send_keys [ line:84 ] 登录页_input_money_输入文本:1000
 Thu, 21 Feb 2019 22:03:42  INFO base_page.py send_keys [ line:87 ] 登录页_input_money_输入文本成功:1000
 Thu, 21 Feb 2019 22:03:42  INFO base_page.py click_element [ line:62 ] 点击元素:(登录页_click_invest_button)
 Thu, 21 Feb 2019 22:03:42  INFO base_page.py click_element [ line:65 ] 点击元素成功:(登录页_click_invest_button)
 Thu, 21 Feb 2019 22:03:42  INFO base_page.py click_element [ line:62 ] 点击元素:(登录页_click_success_button)
 Thu, 21 Feb 2019 22:04:03  INFO base_page.py click_element [ line:65 ] 点击元素成功:(登录页_click_success_button)
 Thu, 21 Feb 2019 22:04:03  INFO base_page.py click_element [ line:62 ] 点击元素:(首页_click_Tz_tab)
 Thu, 21 Feb 2019 22:04:03  INFO base_page.py click_element [ line:65 ] 点击元素成功:(首页_click_Tz_tab)
 Thu, 21 Feb 2019 22:04:03  INFO base_page.py wait_eleVisible [ line:40 ] 等待元素:(首页_get_lastTz_id)
 Thu, 21 Feb 2019 22:04:04  INFO base_page.py wait_eleVisible [ line:45 ] 等待元素成功:首页_get_lastTz_id，用时:0.5770330429077148
 Thu, 21 Feb 2019 22:04:04  INFO base_page.py find_element [ line:53 ] 查找元素:(首页_get_lastTz_id)
 Thu, 21 Feb 2019 22:04:04  INFO base_page.py get_eleAttribute [ line:105 ] 首页_get_lastTz_id_获取元素属性:首页_get_lastTz_id
 Thu, 21 Feb 2019 22:04:04  INFO base_page.py wait_eleVisible [ line:40 ] 等待元素:(首页_get_lastTz_money)
 Thu, 21 Feb 2019 22:04:04  INFO base_page.py wait_eleVisible [ line:45 ] 等待元素成功:首页_get_lastTz_money，用时:0.04600191116333008
 Thu, 21 Feb 2019 22:04:04  INFO base_page.py find_element [ line:53 ] 查找元素:(首页_get_lastTz_money)
 Thu, 21 Feb 2019 22:04:04  INFO base_page.py get_eleText [ line:95 ] 获取元素文本:(首页_get_lastTz_money)
 Thu, 21 Feb 2019 22:04:04  INFO test_01_invest.py test_invest_success [ line:78 ] 测试通过
 Thu, 21 Feb 2019 22:04:04  INFO test_01_invest.py test_invest_success [ line:87 ] excel写回测试结果
 Thu, 21 Feb 2019 22:04:04  INFO conftest.py init_bidPage [ line:55 ] 刷新标页面
 Thu, 21 Feb 2019 22:04:25  INFO conftest.py init_driver [ line:22 ] 关闭chrome浏览器
</system-err></testcase></testsuite>